app/build/intermediates/manifest_merge_blame_file/debug/processDebugMainManifest/manifest-merger-blame-debug-report.txt
1<?xml version="1.0" encoding="utf-8"?>
2<manifest xmlns:android="http://schemas.android.com/apk/res/android"
3    package="com.ios7.wallify"
4    android:versionCode="1"
5    android:versionName="1.5.2" >
6
7    <uses-sdk
8        android:minSdkVersion="27"
9        android:targetSdkVersion="34" />
10
11    <uses-permission android:name="android.permission.INTERNET" />
11-->src\main\AndroidManifest.xml:5:5-67
11-->src\main\AndroidManifest.xml:5:22-64
12    <uses-permission android:name="android.permission.ACCESS_NETWORK_STATE" />
12-->src\main\AndroidManifest.xml:6:5-79
12-->src\main\AndroidManifest.xml:6:22-76
13    <uses-permission android:name="android.permission.SET_WALLPAPER" />
13-->src\main\AndroidManifest.xml:7:5-72
13-->src\main\AndroidManifest.xml:7:22-69
14    <uses-permission android:name="android.permission.SET_WALLPAPER_COMPONENT" />
14-->src\main\AndroidManifest.xml:8:5-82
14-->src\main\AndroidManifest.xml:8:22-79
15    <uses-permission android:name="android.permission.SET_WALLPAPER_DIM_AMOUNT" />
15-->src\main\AndroidManifest.xml:9:5-83
15-->src\main\AndroidManifest.xml:9:22-80
16    <uses-permission android:name="android.permission.SET_WALLPAPER_HINTS" />
16-->src\main\AndroidManifest.xml:10:5-78
16-->src\main\AndroidManifest.xml:10:22-75
17
18    <queries>
18-->[com.vanniktech:android-image-cropper:4.6.0] AndroidManifest.xml:7:5-18:15
19        <intent>
19-->[com.vanniktech:android-image-cropper:4.6.0] AndroidManifest.xml:8:9-14:18
20            <action android:name="android.intent.action.GET_CONTENT" />
20-->[com.vanniktech:android-image-cropper:4.6.0] AndroidManifest.xml:9:13-72
20-->[com.vanniktech:android-image-cropper:4.6.0] AndroidManifest.xml:9:21-69
21
22            <category android:name="android.intent.category.OPENABLE" />
22-->[com.vanniktech:android-image-cropper:4.6.0] AndroidManifest.xml:11:13-73
22-->[com.vanniktech:android-image-cropper:4.6.0] AndroidManifest.xml:11:23-70
23
24            <data android:mimeType="*/*" />
24-->[com.vanniktech:android-image-cropper:4.6.0] AndroidManifest.xml:13:13-44
24-->[com.vanniktech:android-image-cropper:4.6.0] AndroidManifest.xml:13:19-41
25        </intent>
26        <intent>
26-->[com.vanniktech:android-image-cropper:4.6.0] AndroidManifest.xml:15:9-17:18
27            <action android:name="android.media.action.IMAGE_CAPTURE" />
27-->[com.vanniktech:android-image-cropper:4.6.0] AndroidManifest.xml:16:13-73
27-->[com.vanniktech:android-image-cropper:4.6.0] AndroidManifest.xml:16:21-70
28        </intent>
29    </queries>
30
31    <permission
31-->[androidx.core:core:1.13.1] AndroidManifest.xml:22:5-24:47
32        android:name="com.ios7.wallify.DYNAMIC_RECEIVER_NOT_EXPORTED_PERMISSION"
32-->[androidx.core:core:1.13.1] AndroidManifest.xml:23:9-81
33        android:protectionLevel="signature" />
33-->[androidx.core:core:1.13.1] AndroidManifest.xml:24:9-44
34
35    <uses-permission android:name="com.ios7.wallify.DYNAMIC_RECEIVER_NOT_EXPORTED_PERMISSION" />
35-->[androidx.core:core:1.13.1] AndroidManifest.xml:26:5-97
35-->[androidx.core:core:1.13.1] AndroidManifest.xml:26:22-94
36
37    <application
37-->src\main\AndroidManifest.xml:12:5-99:19
38        android:allowBackup="true"
38-->src\main\AndroidManifest.xml:13:9-35
39        android:appComponentFactory="androidx.core.app.CoreComponentFactory"
39-->[androidx.core:core:1.13.1] AndroidManifest.xml:28:18-86
40        android:configChanges="screenSize|smallestScreenSize|screenLayout|orientation"
40-->src\main\AndroidManifest.xml:14:9-87
41        android:debuggable="true"
41-->src\main\AndroidManifest.xml:15:9-34
42        android:extractNativeLibs="false"
43        android:icon="@mipmap/ic_launcher"
43-->src\main\AndroidManifest.xml:16:9-43
44        android:label="@string/app_name"
44-->src\main\AndroidManifest.xml:17:9-41
45        android:requestLegacyExternalStorage="true"
45-->src\main\AndroidManifest.xml:18:9-52
46        android:resizeableActivity="true"
46-->src\main\AndroidManifest.xml:19:9-42
47        android:screenOrientation="unspecified"
47-->src\main\AndroidManifest.xml:20:9-48
48        android:supportsPictureInPicture="true"
48-->src\main\AndroidManifest.xml:21:9-48
49        android:testOnly="true"
50        android:theme="@style/AppTheme"
50-->src\main\AndroidManifest.xml:22:9-40
51        android:usesCleartextTraffic="true" >
51-->src\main\AndroidManifest.xml:23:9-44
52        <activity
52-->src\main\AndroidManifest.xml:24:9-26:40
53            android:name="com.ios7.wallify.WalldownloadkotlinActivity"
53-->src\main\AndroidManifest.xml:25:13-55
54            android:exported="false" />
54-->src\main\AndroidManifest.xml:26:13-37
55        <activity
55-->src\main\AndroidManifest.xml:27:9-30:47
56            android:name="com.ios7.wallify.WallDownloadKotlin"
56-->src\main\AndroidManifest.xml:28:13-47
57            android:exported="false"
57-->src\main\AndroidManifest.xml:29:13-37
58            android:theme="@style/AppTheme" />
58-->src\main\AndroidManifest.xml:30:13-44
59        <activity
59-->src\main\AndroidManifest.xml:31:9-33:40
60            android:name="com.ios7.wallify.AppAbandoned"
60-->src\main\AndroidManifest.xml:32:13-41
61            android:exported="false" />
61-->src\main\AndroidManifest.xml:33:13-37
62        <activity
62-->src\main\AndroidManifest.xml:34:9-36:40
63            android:name="com.ios7.wallify.SetupActivity1"
63-->src\main\AndroidManifest.xml:35:13-43
64            android:exported="false" />
64-->src\main\AndroidManifest.xml:36:13-37
65        <activity
65-->src\main\AndroidManifest.xml:37:9-41:47
66            android:name="com.ios7.wallify.abandon_dialog"
66-->src\main\AndroidManifest.xml:38:13-43
67            android:exported="false"
67-->src\main\AndroidManifest.xml:39:13-37
68            android:label="@string/title_activity_abandon_dialog"
68-->src\main\AndroidManifest.xml:40:13-66
69            android:theme="@style/AppTheme" />
69-->src\main\AndroidManifest.xml:41:13-44
70        <activity
70-->src\main\AndroidManifest.xml:42:9-46:47
71            android:name="com.ios7.wallify.CropWallpaper"
71-->src\main\AndroidManifest.xml:43:13-42
72            android:exported="false"
72-->src\main\AndroidManifest.xml:44:13-37
73            android:label="@string/title_activity_crop_wallpaper"
73-->src\main\AndroidManifest.xml:45:13-66
74            android:theme="@style/AppTheme" />
74-->src\main\AndroidManifest.xml:46:13-44
75        <activity
75-->src\main\AndroidManifest.xml:47:9-60:20
76            android:name="com.ios7.wallify.MainActivity"
76-->src\main\AndroidManifest.xml:48:13-41
77            android:configChanges="orientation|screenSize|keyboardHidden|smallestScreenSize|screenLayout"
77-->src\main\AndroidManifest.xml:49:13-106
78            android:exported="true"
78-->src\main\AndroidManifest.xml:50:13-36
79            android:hardwareAccelerated="true"
79-->src\main\AndroidManifest.xml:51:13-47
80            android:resizeableActivity="true"
80-->src\main\AndroidManifest.xml:52:13-46
81            android:supportsPictureInPicture="true"
81-->src\main\AndroidManifest.xml:53:13-52
82            android:windowSoftInputMode="stateHidden" >
82-->src\main\AndroidManifest.xml:54:13-54
83            <intent-filter>
83-->src\main\AndroidManifest.xml:55:13-59:29
84                <action android:name="android.intent.action.MAIN" />
84-->src\main\AndroidManifest.xml:56:17-69
84-->src\main\AndroidManifest.xml:56:25-66
85
86                <category android:name="android.intent.category.LAUNCHER" />
86-->src\main\AndroidManifest.xml:58:17-77
86-->src\main\AndroidManifest.xml:58:27-74
87            </intent-filter>
88        </activity>
89        <activity
89-->src\main\AndroidManifest.xml:61:9-68:57
90            android:name="com.ios7.wallify.WalldownloadActivity"
90-->src\main\AndroidManifest.xml:62:13-49
91            android:configChanges="orientation|screenSize|keyboardHidden|smallestScreenSize|screenLayout"
91-->src\main\AndroidManifest.xml:63:13-106
92            android:hardwareAccelerated="true"
92-->src\main\AndroidManifest.xml:64:13-47
93            android:resizeableActivity="true"
93-->src\main\AndroidManifest.xml:65:13-46
94            android:screenOrientation="portrait"
94-->src\main\AndroidManifest.xml:66:13-49
95            android:supportsPictureInPicture="true"
95-->src\main\AndroidManifest.xml:67:13-52
96            android:windowSoftInputMode="stateHidden" />
96-->src\main\AndroidManifest.xml:68:13-54
97        <activity
97-->src\main\AndroidManifest.xml:69:9-75:57
98            android:name="com.ios7.wallify.Setwall1Activity"
98-->src\main\AndroidManifest.xml:70:13-45
99            android:configChanges="orientation|screenSize|keyboardHidden|smallestScreenSize|screenLayout"
99-->src\main\AndroidManifest.xml:71:13-106
100            android:hardwareAccelerated="true"
100-->src\main\AndroidManifest.xml:72:13-47
101            android:supportsPictureInPicture="true"
101-->src\main\AndroidManifest.xml:73:13-52
102            android:theme="@style/AppTheme.FullScreen"
102-->src\main\AndroidManifest.xml:74:13-55
103            android:windowSoftInputMode="stateHidden" />
103-->src\main\AndroidManifest.xml:75:13-54
104        <activity
104-->src\main\AndroidManifest.xml:76:9-82:57
105            android:name="com.ios7.wallify.Setwall2Activity"
105-->src\main\AndroidManifest.xml:77:13-45
106            android:configChanges="orientation|screenSize|keyboardHidden|smallestScreenSize|screenLayout"
106-->src\main\AndroidManifest.xml:78:13-106
107            android:hardwareAccelerated="true"
107-->src\main\AndroidManifest.xml:79:13-47
108            android:supportsPictureInPicture="true"
108-->src\main\AndroidManifest.xml:80:13-52
109            android:theme="@style/AppTheme.FullScreen"
109-->src\main\AndroidManifest.xml:81:13-55
110            android:windowSoftInputMode="stateHidden" />
110-->src\main\AndroidManifest.xml:82:13-54
111
112        <provider
112-->src\main\AndroidManifest.xml:84:9-94:20
113            android:name="androidx.startup.InitializationProvider"
113-->src\main\AndroidManifest.xml:85:13-67
114            android:authorities="com.ios7.wallify.androidx-startup"
114-->src\main\AndroidManifest.xml:86:13-68
115            android:exported="false" >
115-->src\main\AndroidManifest.xml:87:13-37
116            <meta-data
116-->src\main\AndroidManifest.xml:88:13-90:52
117                android:name="androidx.lifecycle.ProcessLifecycleInitializer"
117-->src\main\AndroidManifest.xml:89:17-78
118                android:value="androidx.startup" />
118-->src\main\AndroidManifest.xml:90:17-49
119            <meta-data
119-->src\main\AndroidManifest.xml:91:13-93:52
120                android:name="androidx.emoji2.text.EmojiCompatInitializer"
120-->src\main\AndroidManifest.xml:92:17-75
121                android:value="androidx.startup" />
121-->src\main\AndroidManifest.xml:93:17-49
122            <meta-data
122-->[androidx.profileinstaller:profileinstaller:1.4.0] AndroidManifest.xml:29:13-31:52
123                android:name="androidx.profileinstaller.ProfileInstallerInitializer"
123-->[androidx.profileinstaller:profileinstaller:1.4.0] AndroidManifest.xml:30:17-85
124                android:value="androidx.startup" />
124-->[androidx.profileinstaller:profileinstaller:1.4.0] AndroidManifest.xml:31:17-49
125        </provider>
126
127        <uses-library
127-->src\main\AndroidManifest.xml:96:9-98:40
128            android:name="org.apache.http.legacy"
128-->src\main\AndroidManifest.xml:97:13-50
129            android:required="false" />
129-->src\main\AndroidManifest.xml:98:13-37
130
131        <provider
131-->[com.vanniktech:android-image-cropper:4.6.0] AndroidManifest.xml:21:9-29:20
132            android:name="com.canhub.cropper.CropFileProvider"
132-->[com.vanniktech:android-image-cropper:4.6.0] AndroidManifest.xml:22:13-63
133            android:authorities="com.ios7.wallify.cropper.fileprovider"
133-->[com.vanniktech:android-image-cropper:4.6.0] AndroidManifest.xml:23:13-72
134            android:exported="false"
134-->[com.vanniktech:android-image-cropper:4.6.0] AndroidManifest.xml:24:13-37
135            android:grantUriPermissions="true" >
135-->[com.vanniktech:android-image-cropper:4.6.0] AndroidManifest.xml:25:13-47
136            <meta-data
136-->[com.vanniktech:android-image-cropper:4.6.0] AndroidManifest.xml:26:13-28:62
137                android:name="android.support.FILE_PROVIDER_PATHS"
137-->[com.vanniktech:android-image-cropper:4.6.0] AndroidManifest.xml:27:17-67
138                android:resource="@xml/library_file_paths" />
138-->[com.vanniktech:android-image-cropper:4.6.0] AndroidManifest.xml:28:17-59
139        </provider>
140
141        <activity
141-->[com.vanniktech:android-image-cropper:4.6.0] AndroidManifest.xml:31:9-33:39
142            android:name="com.canhub.cropper.CropImageActivity"
142-->[com.vanniktech:android-image-cropper:4.6.0] AndroidManifest.xml:32:13-64
143            android:exported="true" />
143-->[com.vanniktech:android-image-cropper:4.6.0] AndroidManifest.xml:33:13-36
144        <activity
144-->[androidx.compose.ui:ui-tooling-android:1.6.6] AndroidManifest.xml:23:9-25:39
145            android:name="androidx.compose.ui.tooling.PreviewActivity"
145-->[androidx.compose.ui:ui-tooling-android:1.6.6] AndroidManifest.xml:24:13-71
146            android:exported="true" />
146-->[androidx.compose.ui:ui-tooling-android:1.6.6] AndroidManifest.xml:25:13-36
147        <activity
147-->[androidx.compose.ui:ui-test-manifest:1.6.6] AndroidManifest.xml:23:9-25:39
148            android:name="androidx.activity.ComponentActivity"
148-->[androidx.compose.ui:ui-test-manifest:1.6.6] AndroidManifest.xml:24:13-63
149            android:exported="true" />
149-->[androidx.compose.ui:ui-test-manifest:1.6.6] AndroidManifest.xml:25:13-36
150
151        <uses-library
151-->[androidx.window:window:1.0.0] AndroidManifest.xml:25:9-27:40
152            android:name="androidx.window.extensions"
152-->[androidx.window:window:1.0.0] AndroidManifest.xml:26:13-54
153            android:required="false" />
153-->[androidx.window:window:1.0.0] AndroidManifest.xml:27:13-37
154        <uses-library
154-->[androidx.window:window:1.0.0] AndroidManifest.xml:28:9-30:40
155            android:name="androidx.window.sidecar"
155-->[androidx.window:window:1.0.0] AndroidManifest.xml:29:13-51
156            android:required="false" />
156-->[androidx.window:window:1.0.0] AndroidManifest.xml:30:13-37
157
158        <provider
158-->[com.squareup.picasso:picasso:2.8] AndroidManifest.xml:8:9-11:40
159            android:name="com.squareup.picasso.PicassoProvider"
159-->[com.squareup.picasso:picasso:2.8] AndroidManifest.xml:9:13-64
160            android:authorities="com.ios7.wallify.com.squareup.picasso"
160-->[com.squareup.picasso:picasso:2.8] AndroidManifest.xml:10:13-72
161            android:exported="false" />
161-->[com.squareup.picasso:picasso:2.8] AndroidManifest.xml:11:13-37
162
163        <receiver
163-->[androidx.profileinstaller:profileinstaller:1.4.0] AndroidManifest.xml:34:9-52:20
164            android:name="androidx.profileinstaller.ProfileInstallReceiver"
164-->[androidx.profileinstaller:profileinstaller:1.4.0] AndroidManifest.xml:35:13-76
165            android:directBootAware="false"
165-->[androidx.profileinstaller:profileinstaller:1.4.0] AndroidManifest.xml:36:13-44
166            android:enabled="true"
166-->[androidx.profileinstaller:profileinstaller:1.4.0] AndroidManifest.xml:37:13-35
167            android:exported="true"
167-->[androidx.profileinstaller:profileinstaller:1.4.0] AndroidManifest.xml:38:13-36
168            android:permission="android.permission.DUMP" >
168-->[androidx.profileinstaller:profileinstaller:1.4.0] AndroidManifest.xml:39:13-57
169            <intent-filter>
169-->[androidx.profileinstaller:profileinstaller:1.4.0] AndroidManifest.xml:40:13-42:29
170                <action android:name="androidx.profileinstaller.action.INSTALL_PROFILE" />
170-->[androidx.profileinstaller:profileinstaller:1.4.0] AndroidManifest.xml:41:17-91
170-->[androidx.profileinstaller:profileinstaller:1.4.0] AndroidManifest.xml:41:25-88
171            </intent-filter>
172            <intent-filter>
172-->[androidx.profileinstaller:profileinstaller:1.4.0] AndroidManifest.xml:43:13-45:29
173                <action android:name="androidx.profileinstaller.action.SKIP_FILE" />
173-->[androidx.profileinstaller:profileinstaller:1.4.0] AndroidManifest.xml:44:17-85
173-->[androidx.profileinstaller:profileinstaller:1.4.0] AndroidManifest.xml:44:25-82
174            </intent-filter>
175            <intent-filter>
175-->[androidx.profileinstaller:profileinstaller:1.4.0] AndroidManifest.xml:46:13-48:29
176                <action android:name="androidx.profileinstaller.action.SAVE_PROFILE" />
176-->[androidx.profileinstaller:profileinstaller:1.4.0] AndroidManifest.xml:47:17-88
176-->[androidx.profileinstaller:profileinstaller:1.4.0] AndroidManifest.xml:47:25-85
177            </intent-filter>
178            <intent-filter>
178-->[androidx.profileinstaller:profileinstaller:1.4.0] AndroidManifest.xml:49:13-51:29
179                <action android:name="androidx.profileinstaller.action.BENCHMARK_OPERATION" />
179-->[androidx.profileinstaller:profileinstaller:1.4.0] AndroidManifest.xml:50:17-95
179-->[androidx.profileinstaller:profileinstaller:1.4.0] AndroidManifest.xml:50:25-92
180            </intent-filter>
181        </receiver>
182    </application>
183
184</manifest>